**********************
Windows PowerShell transcript start
Start time: 20260612100648
Username: DESKTOP-HENGRGO\NDGA ADMIN
RunAs User: DESKTOP-HENGRGO\NDGA ADMIN
Configuration Name: 
Machine: DESKTOP-HENGRGO (Microsoft Windows NT 10.0.26200.0)
Host Application: C:\WINDOWS\System32\WindowsPowerShell\v1.0\powershell.exe -NoProfile -ExecutionPolicy Bypass -File E:\NDGA\scripts\set_ethernet_dhcp_keep_dns_admin.ps1
Process ID: 7980
PSVersion: 5.1.26100.8655
PSEdition: Desktop
PSCompatibleVersions: 1.0, 2.0, 3.0, 4.0, 5.0, 5.1.26100.8655
BuildVersion: 10.0.26100.8655
CLRVersion: 4.0.30319.42000
WSManStackVersion: 3.0
PSRemotingProtocolVersion: 2.3
SerializationVersion: 1.1.0.1
**********************
Setting Ethernet to DHCP IP with reliable DNS...


The configured DNS server is incorrect or does not exist.

The configured DNS server is incorrect or does not exist.

Windows IP Configuration


Unknown adapter Tailscale:

   Connection-specific DNS Suffix  . : tail5dff80.ts.net
   IPv6 Address. . . . . . . . . . . : fd7a:115c:a1e0::523a:d73f
   Link-local IPv6 Address . . . . . : fe80::23ec:f0e5:14b4:e457%23
   IPv4 Address. . . . . . . . . . . : 100.80.215.62
   Subnet Mask . . . . . . . . . . . : 255.255.255.255
   Default Gateway . . . . . . . . . :

Ethernet adapter Ethernet:

   Connection-specific DNS Suffix  . :
   Link-local IPv6 Address . . . . . : fe80::c377:6aab:c698:35ae%16
   Default Gateway . . . . . . . . . :

Wireless LAN adapter WiFi:

   Media State . . . . . . . . . . . : Media disconnected
   Connection-specific DNS Suffix  . :

Wireless LAN adapter Local Area Connection* 1:

   Media State . . . . . . . . . . . : Media disconnected
   Connection-specific DNS Suffix  . :

Wireless LAN adapter Local Area Connection* 2:

   Connection-specific DNS Suffix  . :
   Link-local IPv6 Address . . . . . : fe80::b0d5:e71e:6eeb:d26c%13
   IPv4 Address. . . . . . . . . . . : 192.168.137.1
   Subnet Mask . . . . . . . . . . . : 255.255.255.0
   Default Gateway . . . . . . . . . :

Ethernet adapter Bluetooth Network Connection:

   Media State . . . . . . . . . . . : Media disconnected
   Connection-specific DNS Suffix  . :

Ethernet adapter vEthernet (WSL (Hyper-V firewall)):

   Connection-specific DNS Suffix  . :
   Link-local IPv6 Address . . . . . : fe80::ce99:6f1f:8e68:710b%41
   IPv4 Address. . . . . . . . . . . : 172.28.64.1
   Subnet Mask . . . . . . . . . . . : 255.255.240.0
   Default Gateway . . . . . . . . . :

Windows IP Configuration


Unknown adapter Tailscale:

   Connection-specific DNS Suffix  . : tail5dff80.ts.net
   IPv6 Address. . . . . . . . . . . : fd7a:115c:a1e0::523a:d73f
   Link-local IPv6 Address . . . . . : fe80::23ec:f0e5:14b4:e457%23
   IPv4 Address. . . . . . . . . . . : 100.80.215.62
   Subnet Mask . . . . . . . . . . . : 255.255.255.255
   Default Gateway . . . . . . . . . :

Ethernet adapter Ethernet:

   Connection-specific DNS Suffix  . :
   Link-local IPv6 Address . . . . . : fe80::c377:6aab:c698:35ae%16
   IPv4 Address. . . . . . . . . . . : 192.168.10.102
   Subnet Mask . . . . . . . . . . . : 255.255.255.0
   Default Gateway . . . . . . . . . : 192.168.10.1

Wireless LAN adapter WiFi:

   Media State . . . . . . . . . . . : Media disconnected
   Connection-specific DNS Suffix  . :

Wireless LAN adapter Local Area Connection* 1:

   Media State . . . . . . . . . . . : Media disconnected
   Connection-specific DNS Suffix  . :

Wireless LAN adapter Local Area Connection* 2:

   Connection-specific DNS Suffix  . :
   Link-local IPv6 Address . . . . . : fe80::b0d5:e71e:6eeb:d26c%13
   IPv4 Address. . . . . . . . . . . : 192.168.137.1
   Subnet Mask . . . . . . . . . . . : 255.255.255.0
   Default Gateway . . . . . . . . . :

Ethernet adapter Bluetooth Network Connection:

   Media State . . . . . . . . . . . : Media disconnected
   Connection-specific DNS Suffix  . :

Ethernet adapter vEthernet (WSL (Hyper-V firewall)):

   Connection-specific DNS Suffix  . :
   Link-local IPv6 Address . . . . . : fe80::ce99:6f1f:8e68:710b%41
   IPv4 Address. . . . . . . . . . . : 172.28.64.1
   Subnet Mask . . . . . . . . . . . : 255.255.240.0
   Default Gateway . . . . . . . . . :

Windows IP Configuration

Successfully flushed the DNS Resolver Cache.
Current Ethernet configuration:

Windows IP Configuration

   Host Name . . . . . . . . . . . . : DESKTOP-HENGRGO
   Primary Dns Suffix  . . . . . . . :
   Node Type . . . . . . . . . . . . : Hybrid
   IP Routing Enabled. . . . . . . . : No
   WINS Proxy Enabled. . . . . . . . : No
   DNS Suffix Search List. . . . . . : tail5dff80.ts.net

Unknown adapter Tailscale:

   Connection-specific DNS Suffix  . : tail5dff80.ts.net
   Description . . . . . . . . . . . : Tailscale Tunnel
   Physical Address. . . . . . . . . :
   DHCP Enabled. . . . . . . . . . . : No
   Autoconfiguration Enabled . . . . : Yes
   IPv6 Address. . . . . . . . . . . : fd7a:115c:a1e0::523a:d73f(Preferred)
   Link-local IPv6 Address . . . . . : fe80::23ec:f0e5:14b4:e457%23(Preferred)
   IPv4 Address. . . . . . . . . . . : 100.80.215.62(Preferred)
   Subnet Mask . . . . . . . . . . . : 255.255.255.255
   Default Gateway . . . . . . . . . :
   NetBIOS over Tcpip. . . . . . . . : Disabled
   Connection-specific DNS Suffix Search List :
                                       tail5dff80.ts.net

Ethernet adapter Ethernet:

   Connection-specific DNS Suffix  . :
   Description . . . . . . . . . . . : Realtek PCIe GbE Family Controller
   Physical Address. . . . . . . . . : C8-5A-CF-B2-C2-1C
   DHCP Enabled. . . . . . . . . . . : Yes
   Autoconfiguration Enabled . . . . : Yes
   Link-local IPv6 Address . . . . . : fe80::c377:6aab:c698:35ae%16(Preferred)
   IPv4 Address. . . . . . . . . . . : 192.168.10.102(Preferred)
   Subnet Mask . . . . . . . . . . . : 255.255.255.0
   Lease Obtained. . . . . . . . . . : Friday, June 12, 2026 10:06:51 AM
   Lease Expires . . . . . . . . . . : Friday, June 12, 2026 10:36:51 AM
   Default Gateway . . . . . . . . . : 192.168.10.1
   DHCP Server . . . . . . . . . . . : 192.168.10.1
   DNS Servers . . . . . . . . . . . : 8.8.8.8
                                       1.1.1.1
   NetBIOS over Tcpip. . . . . . . . : Enabled

Wireless LAN adapter WiFi:

   Media State . . . . . . . . . . . : Media disconnected
   Connection-specific DNS Suffix  . :
   Description . . . . . . . . . . . : Realtek RTL8821CE 802.11ac PCIe Adapter
   Physical Address. . . . . . . . . : F8-89-D2-28-4E-D3
   DHCP Enabled. . . . . . . . . . . : Yes
   Autoconfiguration Enabled . . . . : Yes

Wireless LAN adapter Local Area Connection* 1:

   Media State . . . . . . . . . . . : Media disconnected
   Connection-specific DNS Suffix  . :
   Description . . . . . . . . . . . : Microsoft Wi-Fi Direct Virtual Adapter
   Physical Address. . . . . . . . . : FA-89-D2-28-4E-D3
   DHCP Enabled. . . . . . . . . . . : Yes
   Autoconfiguration Enabled . . . . : Yes

Wireless LAN adapter Local Area Connection* 2:

   Connection-specific DNS Suffix  . :
   Description . . . . . . . . . . . : Microsoft Wi-Fi Direct Virtual Adapter #2
   Physical Address. . . . . . . . . : FE-89-D2-28-4E-D3
   DHCP Enabled. . . . . . . . . . . : No
   Autoconfiguration Enabled . . . . : Yes
   Link-local IPv6 Address . . . . . : fe80::b0d5:e71e:6eeb:d26c%13(Preferred)
   IPv4 Address. . . . . . . . . . . : 192.168.137.1(Preferred)
   Subnet Mask . . . . . . . . . . . : 255.255.255.0
   Default Gateway . . . . . . . . . :
   NetBIOS over Tcpip. . . . . . . . : Enabled

Ethernet adapter Bluetooth Network Connection:

   Media State . . . . . . . . . . . : Media disconnected
   Connection-specific DNS Suffix  . :
   Description . . . . . . . . . . . : Bluetooth Device (Personal Area Network)
   Physical Address. . . . . . . . . : F8-89-D2-28-4E-D4
   DHCP Enabled. . . . . . . . . . . : Yes
   Autoconfiguration Enabled . . . . : Yes

Ethernet adapter vEthernet (WSL (Hyper-V firewall)):

   Connection-specific DNS Suffix  . :
   Description . . . . . . . . . . . : Hyper-V Virtual Ethernet Adapter
   Physical Address. . . . . . . . . : 00-15-5D-8D-5A-23
   DHCP Enabled. . . . . . . . . . . : No
   Autoconfiguration Enabled . . . . : Yes
   Link-local IPv6 Address . . . . . : fe80::ce99:6f1f:8e68:710b%41(Preferred)
   IPv4 Address. . . . . . . . . . . : 172.28.64.1(Preferred)
   Subnet Mask . . . . . . . . . . . : 255.255.240.0
   Default Gateway . . . . . . . . . :
   DHCPv6 IAID . . . . . . . . . . . : 687871325
   DHCPv6 Client DUID. . . . . . . . : 00-01-00-01-31-B1-DB-E6-C8-5A-CF-B2-C2-1C
   NetBIOS over Tcpip. . . . . . . . : Enabled
**********************
Windows PowerShell transcript end
End time: 20260612100656
**********************
